[16:31:27] [main/INFO]: [OptiFine] (Reflector) Class not present: net.minecraftforge.eventbus.api.Event$Result
[16:31:27] [main/INFO]: [OptiFine] (Reflector) Method not present: net.minecraftforge.common.extensions.IForgeBlockState.hasTileEntity
[16:31:27] [main/INFO]: [OptiFine] (Reflector) Class not present: net.minecraftforge.common.extensions.IForgeEntity
[16:31:27] [main/INFO]: [OptiFine] (Reflector) Class not present: net.minecraftforge.fml.CrashReportExtender
[16:31:28] [main/INFO]: [OptiFine] (Reflector) Method not present: net.minecraft.tags.ItemTags.createOptional
[16:31:30] [main/INFO]: [OptiFine] (Reflector) Class not present: net.minecraftforge.client.ForgeHooksClient
[16:31:30] [main/INFO]: Environment: authHost='https://authserver.mojang.com', accountsHost='https://api.mojang.com', sessionHost='https://sessionserver.mojang.com', servicesHost='https://api.minecraftservices.com', name='PROD'
[16:31:31] [main/INFO]: Setting user: fgst_116
[16:31:31] [main/INFO]: [OptiFine] (Reflector) Class not present: net.minecraftforge.client.settings.KeyConflictContext
[16:31:31] [main/INFO]: [OptiFine] (Reflector) Class not present: net.minecraftforge.client.settings.KeyModifier
[16:31:31] [main/INFO]: Backend library: LWJGL version 3.2.2 build 10
[16:31:31] [main/INFO]: [OptiFine] (Reflector) Method not present: net.minecraftforge.fml.loading.progress.EarlyProgressVisualization.handOffWindow
[16:31:32] [main/INFO]: [OptiFine] 
[16:31:32] [main/INFO]: [OptiFine] OptiFine_1.16.5_HD_U_G8
[16:31:32] [main/INFO]: [OptiFine] (Reflector) Class not present: optifine.OptiFineResourceLocator
[16:31:32] [main/INFO]: [OptiFine] Build: null
[16:31:32] [main/INFO]: [OptiFine] OS: Windows 10 (amd64) version 10.0
[16:31:32] [main/INFO]: [OptiFine] Java: 17.0.14, Amazon.com Inc.
[16:31:32] [main/INFO]: [OptiFine] VM: OpenJDK 64-Bit Server VM (mixed mode, sharing), Amazon.com Inc.
[16:31:32] [main/INFO]: [OptiFine] LWJGL: 3.3.0 Win32 WGL EGL OSMesa VisualC DLL
[16:31:32] [main/INFO]: [OptiFine] OpenGL: Radeon (TM) RX 470 Graphics, version 4.6.0 Compatibility Profile Context 24.7.1.240618, ATI Technologies Inc.
[16:31:32] [main/INFO]: [OptiFine] OpenGL Version: 4.6.0
[16:31:32] [main/INFO]: [OptiFine] OpenGL Fancy fog: Not available (GL_NV_fog_distance)
[16:31:32] [main/INFO]: [OptiFine] Maximum texture size: 16384x16384
[16:31:32] [VersionCheck/INFO]: [OptiFine] Checking for new version
[16:31:32] [main/INFO]: [Shaders] OpenGL Version: 4.6.0 Compatibility Profile Context 24.7.1.240618
[16:31:32] [main/INFO]: [Shaders] Vendor:  ATI Technologies Inc.
[16:31:32] [main/INFO]: [Shaders] Renderer: Radeon (TM) RX 470 Graphics
[16:31:32] [main/INFO]: [Shaders] Capabilities:  2.0  2.1  3.0  3.2  4.0 
[16:31:32] [main/INFO]: [Shaders] GL_MAX_DRAW_BUFFERS: 8
[16:31:32] [main/INFO]: [Shaders] GL_MAX_COLOR_ATTACHMENTS_EXT: 8
[16:31:32] [main/INFO]: [Shaders] GL_MAX_TEXTURE_IMAGE_UNITS: 32
[16:31:32] [main/INFO]: [Shaders] Load shaders configuration.
[16:31:32] [main/INFO]: [Shaders] Save shaders configuration.
[16:31:32] [main/INFO]: [Shaders] No shaderpack loaded.
[16:31:32] [main/INFO]: [OptiFine] (Reflector) Class not present: net.minecraftforge.fml.common.Loader
[16:31:32] [main/WARN]: [OptiFine] java.lang.ClassNotFoundException: sun.misc.SharedSecrets
[16:31:32] [main/WARN]: [OptiFine] java.lang.ClassNotFoundException: jdk.internal.misc.SharedSecrets
[16:31:32] [main/WARN]: [OptiFine] java.lang.ClassNotFoundException: sun.misc.VM
[16:31:32] [main/WARN]: [OptiFine] java.lang.reflect.InaccessibleObjectException: Unable to make public static long jdk.internal.misc.VM.maxDirectMemory() accessible: module java.base does not "exports jdk.internal.misc" to unnamed module @22eeefeb
[16:31:32] [main/INFO]: [OptiFine] (Reflector) Class not present: net.minecraftforge.client.ItemModelMesherForge
[16:31:32] [main/INFO]: [OptiFine] (Reflector) Class not present: net.minecraftforge.client.model.pipeline.ForgeBlockModelRenderer
[16:31:32] [VersionCheck/INFO]: [OptiFine] Version found: G7
[16:31:32] [main/INFO]: Narrator library for x64 successfully loaded
[16:31:33] [main/INFO]: Loaded Platform ViaVersion
[16:31:33] [main/INFO]: Loading translations...
[16:31:33] [main/INFO]: Registering protocols...
[16:31:33] [main/INFO]: Loaded Platform ViaBackwards
[16:31:33] [main/INFO]: ViaVersion detected lowest supported version by the proxy: 1.4.6/7 (51)
[16:31:33] [main/INFO]: Highest supported version by the proxy: 1.20/1.20.1 (763)
[16:31:33] [main/INFO]: [STDOUT]: [Theme ErroronEnable() Message: Cannot invoke "im.nucker.ui.NotificationManager.add(String, String, int, im.nucker.ui.NotificationManager$ImageType)" because "im.nucker.functions.api.NaksonPaster.NOTIFICATION_MANAGER" is null
[16:31:33] [main/INFO]: [STDERR]: java.lang.NullPointerException: Cannot invoke "im.nucker.ui.NotificationManager.add(String, String, int, im.nucker.ui.NotificationManager$ImageType)" because "im.nucker.functions.api.NaksonPaster.NOTIFICATION_MANAGER" is null
[16:31:33] [main/INFO]: [STDERR]: 	at im.nucker.functions.api.Function.setState(Function.java:80)
[16:31:33] [main/INFO]: [STDERR]: 	at im.nucker.functions.api.Function.toggle(Function.java:63)
[16:31:33] [main/INFO]: [STDERR]: 	at im.nucker.functions.impl.render.Theme.<init>(Theme.java:32)
[16:31:33] [main/INFO]: [STDERR]: 	at im.nucker.functions.api.FunctionRegistry.init(FunctionRegistry.java:156)
[16:31:33] [main/INFO]: [STDERR]: 	at im.nucker.NuckerDLC.clientLoad(NuckerDLC.java:126)
[16:31:33] [main/INFO]: [STDERR]: 	at im.nucker.NuckerDLC.<init>(NuckerDLC.java:107)
[16:31:33] [main/INFO]: [STDERR]: 	at net.minecraft.client.Minecraft.<init>(Minecraft.java:431)
[16:31:33] [main/INFO]: [STDERR]: 	at net.minecraft.client.main.Main.main(Main.java:154)
[16:31:33] [main/INFO]: [STDERR]: 	at Start.main(Start.java:11)
[16:31:33] [Via-Mappingloader-0/INFO]: Loading block connection mappings ...
[16:31:34] [Via-Mappingloader-0/INFO]: Using FastUtil Long2ObjectOpenHashMap for block connections
[16:31:34] [Via Async Task 1/WARN]: There is a newer plugin version available: 5.3.1, you're on: 4.7.0
[16:31:35] [Via Async Scheduler 0/INFO]: Finished mapping loading, shutting down loader executor!
[16:31:39] [main/INFO]: Reloading ResourceManager: Default
[16:31:39] [main/INFO]: [OptiFine] *** Reloading textures ***
[16:31:39] [main/INFO]: [OptiFine] Resource packs: Default
[16:31:39] [Worker-Main-2/INFO]: [OptiFine] (Reflector) Class not present: net.minecraftforge.client.model.ModelLoaderRegistry
[16:31:39] [Worker-Main-3/INFO]: [OptiFine] Multitexture: false
[16:31:40] [Worker-Main-1/INFO]: [OptiFine] Multitexture: false
[16:31:43] [Worker-Main-2/INFO]: [OptiFine] Multitexture: false
[16:31:43] [Worker-Main-2/INFO]: [OptiFine] ConnectedTextures: optifine/ctm/default/00_glass_white/glass_pane_white.properties
[16:31:43] [Worker-Main-2/INFO]: [OptiFine] ConnectedTextures: optifine/ctm/default/00_glass_white/glass_white.properties
[16:31:43] [Worker-Main-2/INFO]: [OptiFine] ConnectedTextures: optifine/ctm/default/01_glass_orange/glass_orange.properties
[16:31:43] [Worker-Main-2/INFO]: [OptiFine] ConnectedTextures: optifine/ctm/default/01_glass_orange/glass_pane_orange.properties
[16:31:43] [Worker-Main-2/INFO]: [OptiFine] ConnectedTextures: optifine/ctm/default/02_glass_magenta/glass_magenta.properties
[16:31:43] [Worker-Main-2/INFO]: [OptiFine] ConnectedTextures: optifine/ctm/default/02_glass_magenta/glass_pane_magenta.properties
[16:31:43] [Worker-Main-2/INFO]: [OptiFine] ConnectedTextures: optifine/ctm/default/03_glass_light_blue/glass_light_blue.properties
[16:31:43] [Worker-Main-2/INFO]: [OptiFine] ConnectedTextures: optifine/ctm/default/03_glass_light_blue/glass_pane_light_blue.properties
[16:31:43] [Worker-Main-2/INFO]: [OptiFine] ConnectedTextures: optifine/ctm/default/04_glass_yellow/glass_pane_yellow.properties
[16:31:43] [Worker-Main-2/INFO]: [OptiFine] ConnectedTextures: optifine/ctm/default/04_glass_yellow/glass_yellow.properties
[16:31:43] [Worker-Main-2/INFO]: [OptiFine] ConnectedTextures: optifine/ctm/default/05_glass_lime/glass_lime.properties
[16:31:43] [Worker-Main-2/INFO]: [OptiFine] ConnectedTextures: optifine/ctm/default/05_glass_lime/glass_pane_lime.properties
[16:31:43] [Worker-Main-2/INFO]: [OptiFine] ConnectedTextures: optifine/ctm/default/06_glass_pink/glass_pane_pink.properties
[16:31:43] [Worker-Main-2/INFO]: [OptiFine] ConnectedTextures: optifine/ctm/default/06_glass_pink/glass_pink.properties
[16:31:43] [Worker-Main-2/INFO]: [OptiFine] ConnectedTextures: optifine/ctm/default/07_glass_gray/glass_gray.properties
[16:31:43] [Worker-Main-2/INFO]: [OptiFine] ConnectedTextures: optifine/ctm/default/07_glass_gray/glass_pane_gray.properties
[16:31:43] [Worker-Main-2/INFO]: [OptiFine] ConnectedTextures: optifine/ctm/default/08_glass_light_gray/glass_light_gray.properties
[16:31:43] [Worker-Main-2/INFO]: [OptiFine] ConnectedTextures: optifine/ctm/default/08_glass_light_gray/glass_pane_light_gray.properties
[16:31:43] [Worker-Main-2/INFO]: [OptiFine] ConnectedTextures: optifine/ctm/default/09_glass_cyan/glass_cyan.properties
[16:31:43] [Worker-Main-2/INFO]: [OptiFine] ConnectedTextures: optifine/ctm/default/09_glass_cyan/glass_pane_cyan.properties
[16:31:43] [Worker-Main-2/INFO]: [OptiFine] ConnectedTextures: optifine/ctm/default/10_glass_purple/glass_pane_purple.properties
[16:31:43] [Worker-Main-2/INFO]: [OptiFine] ConnectedTextures: optifine/ctm/default/10_glass_purple/glass_purple.properties
[16:31:43] [Worker-Main-2/INFO]: [OptiFine] ConnectedTextures: optifine/ctm/default/11_glass_blue/glass_blue.properties
[16:31:43] [Worker-Main-2/INFO]: [OptiFine] ConnectedTextures: optifine/ctm/default/11_glass_blue/glass_pane_blue.properties
[16:31:43] [Worker-Main-2/INFO]: [OptiFine] ConnectedTextures: optifine/ctm/default/12_glass_brown/glass_brown.properties
[16:31:43] [Worker-Main-2/INFO]: [OptiFine] ConnectedTextures: optifine/ctm/default/12_glass_brown/glass_pane_brown.properties
[16:31:43] [Worker-Main-2/INFO]: [OptiFine] ConnectedTextures: optifine/ctm/default/13_glass_green/glass_green.properties
[16:31:43] [Worker-Main-2/INFO]: [OptiFine] ConnectedTextures: optifine/ctm/default/13_glass_green/glass_pane_green.properties
[16:31:43] [Worker-Main-2/INFO]: [OptiFine] ConnectedTextures: optifine/ctm/default/14_glass_red/glass_pane_red.properties
[16:31:43] [Worker-Main-2/INFO]: [OptiFine] ConnectedTextures: optifine/ctm/default/14_glass_red/glass_red.properties
[16:31:43] [Worker-Main-2/INFO]: [OptiFine] ConnectedTextures: optifine/ctm/default/15_glass_black/glass_black.properties
[16:31:43] [Worker-Main-2/INFO]: [OptiFine] ConnectedTextures: optifine/ctm/default/15_glass_black/glass_pane_black.properties
[16:31:43] [Worker-Main-2/INFO]: [OptiFine] ConnectedTextures: optifine/ctm/default/20_glass/glass.properties
[16:31:43] [Worker-Main-2/INFO]: [OptiFine] ConnectedTextures: optifine/ctm/default/20_glass/glass_pane.properties
[16:31:43] [Worker-Main-2/INFO]: [OptiFine] ConnectedTextures: optifine/ctm/default/30_bookshelf/bookshelf.properties
[16:31:43] [Worker-Main-2/INFO]: [OptiFine] ConnectedTextures: optifine/ctm/default/40_sandstone/sandstone.properties
[16:31:43] [Worker-Main-2/INFO]: [OptiFine] ConnectedTextures: optifine/ctm/default/41_red_sandstone/red_sandstone.properties
[16:31:43] [Worker-Main-2/INFO]: [OptiFine] Multipass connected textures: false
[16:31:43] [Worker-Main-2/INFO]: [OptiFine] BetterGrass: Parsing default configuration optifine/bettergrass.properties
[16:31:44] [main/INFO]: [OptiFine] (Reflector) Method not present: net.minecraft.client.renderer.RenderTypeLookup.canRenderInLayer
[16:31:44] [main/INFO]: [OptiFine] *** Reflector Forge ***
[16:31:44] [main/INFO]: [OptiFine] (Reflector) Class not present: mods.betterfoliage.client.BetterFoliageClient
[16:31:44] [main/INFO]: [OptiFine] (Reflector) Class not present: net.minecraftforge.fml.BrandingControl
[16:31:44] [main/INFO]: [OptiFine] (Reflector) Class not present: net.minecraftforge.common.capabilities.ICapabilityProvider
[16:31:44] [main/INFO]: [OptiFine] (Reflector) Class not present: net.minecraftforge.common.capabilities.CapabilityProvider
[16:31:44] [main/INFO]: [OptiFine] (Reflector) Class not present: net.minecraftforge.fml.client.ClientModLoader
[16:31:44] [main/INFO]: [OptiFine] (Reflector) Class not present: net.minecraftforge.event.world.ChunkDataEvent$Save
[16:31:44] [main/INFO]: [OptiFine] (Reflector) Class not present: net.minecraftforge.event.world.ChunkEvent$Load
[16:31:44] [main/INFO]: [OptiFine] (Reflector) Class not present: net.minecraftforge.event.world.ChunkEvent$Unload
[16:31:44] [main/INFO]: [OptiFine] (Reflector) Class not present: net.minecraftforge.fml.client.ClientHooks
[16:31:44] [main/INFO]: [OptiFine] (Reflector) Class not present: net.minecraftforge.client.event.GuiScreenEvent$DrawScreenEvent$Pre
[16:31:44] [main/INFO]: [OptiFine] (Reflector) Class not present: net.minecraftforge.client.event.GuiScreenEvent$DrawScreenEvent$Post
[16:31:44] [main/INFO]: [OptiFine] (Reflector) Class not present: net.minecraftforge.event.entity.EntityLeaveWorldEvent
[16:31:44] [main/INFO]: [OptiFine] (Reflector) Class not present: net.minecraftforge.client.event.EntityViewRenderEvent$CameraSetup
[16:31:44] [main/INFO]: [OptiFine] (Reflector) Class not present: net.minecraftforge.client.event.EntityViewRenderEvent$FogColors
[16:31:44] [main/INFO]: [OptiFine] (Reflector) Class not present: net.minecraftforge.client.event.EntityViewRenderEvent$RenderFogEvent
[16:31:44] [main/INFO]: [OptiFine] (Reflector) Class not present: net.minecraftforge.event.entity.EntityJoinWorldEvent
[16:31:44] [main/INFO]: [OptiFine] (Reflector) Method not present: net.minecraftforge.eventbus.api.Event.isCanceled
[16:31:44] [main/INFO]: [OptiFine] (Reflector) Method not present: net.minecraftforge.eventbus.api.Event.getResult
[16:31:44] [main/INFO]: [OptiFine] (Reflector) Class not present: net.minecraftforge.eventbus.api.IEventBus
[16:31:44] [main/INFO]: [OptiFine] (Reflector) Class not present: net.minecraftforge.common.extensions.IForgeBlock
[16:31:44] [main/INFO]: [OptiFine] (Reflector) Method not present: net.minecraft.client.renderer.BlockModelShapes.getTexture
[16:31:44] [main/INFO]: [OptiFine] (Reflector) Method not present: net.minecraftforge.common.extensions.IForgeBlockState.addDestroyEffects
[16:31:44] [main/INFO]: [OptiFine] (Reflector) Method not present: net.minecraftforge.common.extensions.IForgeBlockState.addHitEffects
[16:31:44] [main/INFO]: [OptiFine] (Reflector) Method not present: net.minecraftforge.common.extensions.IForgeBlockState.getLightValue
[16:31:44] [main/INFO]: [OptiFine] (Reflector) Method not present: net.minecraftforge.common.extensions.IForgeBlockState.getSoundType
[16:31:44] [main/INFO]: [OptiFine] (Reflector) Method not present: net.minecraftforge.common.extensions.IForgeBlockState.getStateAtViewpoint
[16:31:44] [main/INFO]: [OptiFine] (Reflector) Method not present: net.minecraftforge.common.extensions.IForgeBlockState.isAir
[16:31:44] [main/INFO]: [OptiFine] (Reflector) Method not present: net.minecraftforge.common.extensions.IForgeBlockState.shouldDisplayFluidOverlay
[16:31:44] [main/INFO]: [OptiFine] (Reflector) Class not present: net.minecraftforge.common.extensions.IForgeFluid
[16:31:44] [main/INFO]: [OptiFine] (Reflector) Class not present: net.minecraftforge.fluids.FluidAttributes
[16:31:44] [main/INFO]: [OptiFine] (Reflector) Method not present: net.minecraft.entity.EntityType.getTags
[16:31:44] [main/INFO]: [OptiFine] (Reflector) Class not present: net.minecraftforge.event.ForgeEventFactory
[16:31:44] [main/INFO]: [OptiFine] (Reflector) Method not present: net.minecraft.fluid.Fluid.getTags
[16:31:44] [main/INFO]: [OptiFine] (Reflector) Class not present: net.minecraftforge.common.ForgeHooks
[16:31:44] [main/INFO]: [OptiFine] (Reflector) Class not present: net.minecraftforge.common.ForgeConfig
[16:31:44] [main/INFO]: [OptiFine] (Reflector) Class not present: net.minecraftforge.common.ForgeConfig$Client
[16:31:44] [main/INFO]: [OptiFine] (Reflector) Class not present: net.minecraftforge.common.ForgeConfigSpec
[16:31:44] [main/INFO]: [OptiFine] (Reflector) Class not present: net.minecraftforge.common.ForgeConfigSpec$ConfigValue
[16:31:44] [main/INFO]: [OptiFine] (Reflector) Method not present: net.minecraft.world.chunk.IChunk.getWorldForge
[16:31:44] [main/INFO]: [OptiFine] (Reflector) Class not present: net.minecraftforge.common.extensions.IForgeItem
[16:31:44] [main/INFO]: [OptiFine] (Reflector) Class not present: net.minecraftforge.common.extensions.IForgeItemStack
[16:31:44] [main/INFO]: [OptiFine] (Reflector) Class not present: net.minecraftforge.fml.ForgeI18n
[16:31:44] [main/INFO]: [OptiFine] (Reflector) Method not present: net.minecraft.client.settings.KeyBinding.setKeyConflictContext
[16:31:44] [main/INFO]: [OptiFine] (Reflector) Method not present: net.minecraft.client.settings.KeyBinding.setKeyModifierAndCode
[16:31:44] [main/INFO]: [OptiFine] (Reflector) Method not present: net.minecraft.client.settings.KeyBinding.getKeyModifier
[16:31:44] [main/INFO]: [OptiFine] (Reflector) Class not present: net.minecraftforge.common.extensions.IForgeEffectInstance
[16:31:44] [main/INFO]: [OptiFine] (Reflector) Class not present: net.minecraftforge.registries.ForgeRegistryEntry
[16:31:44] [main/INFO]: [OptiFine] (Reflector) Method not present: net.minecraft.client.renderer.RenderTypeLookup.canRenderInLayer
[16:31:44] [main/INFO]: [OptiFine] (Reflector) Constructor not present: net.minecraft.world.server.Ticket, params: class net.minecraft.world.server.TicketType, int, class java.lang.Object, boolean
[16:31:44] [main/INFO]: [OptiFine] (Reflector) Method not present: net.minecraft.world.server.Ticket.isForceTicks
[16:31:44] [main/INFO]: [OptiFine] (Reflector) Class not present: net.minecraftforge.common.extensions.IForgeTileEntity
[16:31:44] [main/INFO]: [OptiFine] (Reflector) Method not present: net.minecraft.client.world.DimensionRenderInfo.getCloudRenderHandler
[16:31:44] [main/INFO]: [OptiFine] (Reflector) Method not present: net.minecraft.client.world.DimensionRenderInfo.getSkyRenderHandler
[16:31:44] [main/INFO]: [OptiFine] (Reflector) Method not present: net.minecraft.client.world.DimensionRenderInfo.getWeatherParticleRenderHandler
[16:31:44] [main/INFO]: [OptiFine] (Reflector) Method not present: net.minecraft.client.world.DimensionRenderInfo.getWeatherRenderHandler
[16:31:44] [main/INFO]: [OptiFine] (Reflector) Class not present: net.minecraftforge.client.IRenderHandler
[16:31:44] [main/INFO]: [OptiFine] (Reflector) Class not present: net.minecraftforge.client.model.pipeline.LightUtil
[16:31:44] [main/INFO]: [OptiFine] (Reflector) Class not present: net.minecraftforge.common.MinecraftForge
[16:31:44] [main/INFO]: [OptiFine] (Reflector) Class not present: net.minecraftforge.client.MinecraftForgeClient
[16:31:44] [main/INFO]: [OptiFine] (Reflector) Class not present: net.minecraftforge.fml.common.ModContainer
[16:31:44] [main/INFO]: [OptiFine] (Reflector) Class not present: net.minecraftforge.fml.client.gui.screen.ModListScreen
[16:31:44] [main/INFO]: [OptiFine] (Reflector) Class not present: net.minecraftforge.client.gui.NotificationModUpdateScreen
[16:31:44] [main/INFO]: [OptiFine] (Reflector) Class not present: net.minecraftforge.entity.PartEntity
[16:31:44] [main/INFO]: [OptiFine] (Reflector) Class not present: net.minecraftforge.event.entity.PlaySoundAtEntityEvent
[16:31:44] [main/INFO]: [OptiFine] (Reflector) Class not present: net.minecraftforge.client.event.RenderBlockOverlayEvent$OverlayType
[16:31:44] [main/INFO]: [OptiFine] (Reflector) Class not present: net.minecraftforge.fml.client.registry.RenderingRegistry
[16:31:44] [main/INFO]: [OptiFine] (Reflector) Class not present: net.minecraftforge.client.event.RenderGameOverlayEvent$BossInfo
[16:31:44] [main/INFO]: [OptiFine] (Reflector) Class not present: net.minecraftforge.client.event.RenderItemInFrameEvent
[16:31:44] [main/INFO]: [OptiFine] (Reflector) Class not present: net.minecraftforge.client.event.RenderLivingEvent$Pre
[16:31:44] [main/INFO]: [OptiFine] (Reflector) Class not present: net.minecraftforge.client.event.RenderLivingEvent$Post
[16:31:44] [main/INFO]: [OptiFine] (Reflector) Class not present: net.minecraftforge.client.event.RenderNameplateEvent
[16:31:44] [main/INFO]: [OptiFine] (Reflector) Class not present: net.minecraftforge.client.event.ScreenshotEvent
[16:31:44] [main/INFO]: [OptiFine] (Reflector) Class not present: net.minecraftforge.fml.server.ServerLifecycleHooks
[16:31:44] [main/INFO]: [OptiFine] (Reflector) Class not present: net.minecraftforge.event.world.WorldEvent$Load
[16:31:44] [main/INFO]: [OptiFine] *** Reflector Vanilla ***
[16:31:45] [Worker-Main-2/INFO]: [OptiFine] Mipmap levels: 4
[16:31:46] [Worker-Main-4/INFO]: [OptiFine] Multitexture: false
[16:31:47] [Worker-Main-2/INFO]: [OptiFine] Multitexture: false
[16:31:47] [Worker-Main-2/INFO]: [OptiFine] Sprite size: 64
[16:31:47] [Worker-Main-2/INFO]: [OptiFine] Mipmap levels: 6
[16:31:47] [Worker-Main-2/INFO]: [OptiFine] Multitexture: false
[16:31:47] [Worker-Main-2/INFO]: [OptiFine] Sprite size: 64
[16:31:47] [Worker-Main-2/INFO]: [OptiFine] Mipmap levels: 6
[16:31:47] [Worker-Main-2/INFO]: [OptiFine] Multitexture: false
[16:31:47] [Worker-Main-2/INFO]: [OptiFine] Sprite size: 64
[16:31:47] [Worker-Main-2/INFO]: [OptiFine] Mipmap levels: 6
[16:31:47] [Worker-Main-2/INFO]: [OptiFine] Multitexture: false
[16:31:47] [Worker-Main-2/INFO]: [OptiFine] Sprite size: 64
[16:31:47] [Worker-Main-2/INFO]: [OptiFine] Mipmap levels: 6
[16:31:47] [Worker-Main-2/INFO]: [OptiFine] Multitexture: false
[16:31:47] [Worker-Main-2/INFO]: [OptiFine] Sprite size: 64
[16:31:47] [Worker-Main-2/INFO]: [OptiFine] Mipmap levels: 6
[16:31:47] [Worker-Main-2/INFO]: [OptiFine] Multitexture: false
[16:31:47] [Worker-Main-2/INFO]: [OptiFine] Sprite size: 64
[16:31:47] [Worker-Main-2/INFO]: [OptiFine] Mipmap levels: 6
[16:31:47] [main/INFO]: OpenAL initialized.
[16:31:47] [main/INFO]: Sound engine started
[16:31:47] [main/INFO]: Created: 1024x512x4 minecraft:textures/atlas/blocks.png-atlas
[16:31:48] [main/INFO]: [OptiFine] Animated sprites: 43
[16:31:48] [main/INFO]: Created: 256x128x4 minecraft:textures/atlas/signs.png-atlas
[16:31:48] [main/INFO]: [OptiFine] Animated sprites: 0
[16:31:48] [main/INFO]: Created: 512x512x4 minecraft:textures/atlas/banner_patterns.png-atlas
[16:31:48] [main/INFO]: [OptiFine] Animated sprites: 0
[16:31:48] [main/INFO]: Created: 512x512x4 minecraft:textures/atlas/shield_patterns.png-atlas
[16:31:48] [main/INFO]: [OptiFine] Animated sprites: 0
[16:31:48] [main/INFO]: Created: 256x256x4 minecraft:textures/atlas/chest.png-atlas
[16:31:48] [main/INFO]: [OptiFine] Animated sprites: 0
[16:31:48] [main/INFO]: Created: 512x256x4 minecraft:textures/atlas/beds.png-atlas
[16:31:48] [main/INFO]: [OptiFine] Animated sprites: 0
[16:31:48] [main/INFO]: Created: 512x256x4 minecraft:textures/atlas/shulker_boxes.png-atlas
[16:31:48] [main/INFO]: [OptiFine] Animated sprites: 0
[16:31:48] [main/INFO]: Created: 256x256x0 minecraft:textures/atlas/particles.png-atlas
[16:31:48] [main/INFO]: [OptiFine] Animated sprites: 0
[16:31:48] [main/INFO]: Created: 256x256x0 minecraft:textures/atlas/paintings.png-atlas
[16:31:48] [main/INFO]: [OptiFine] Animated sprites: 0
[16:31:48] [main/INFO]: Created: 128x128x0 minecraft:textures/atlas/mob_effects.png-atlas
[16:31:48] [main/INFO]: [OptiFine] Animated sprites: 0
[16:31:48] [main/INFO]: [OptiFine] *** Reloading custom textures ***
[16:31:48] [main/INFO]: [OptiFine] Disable Forge light pipeline
[16:32:02] [main/WARN]: Ambiguity between arguments [teleport, destination] and [teleport, targets] with inputs: [Player, 0123, @e, dd12be42-52a9-4a91-a8a1-11c01849e498]
[16:32:02] [main/WARN]: Ambiguity between arguments [teleport, location] and [teleport, destination] with inputs: [0.1 -0.5 .9, 0 0 0]
[16:32:02] [main/WARN]: Ambiguity between arguments [teleport, location] and [teleport, targets] with inputs: [0.1 -0.5 .9, 0 0 0]
[16:32:02] [main/WARN]: Ambiguity between arguments [teleport, targets] and [teleport, destination] with inputs: [Player, 0123, dd12be42-52a9-4a91-a8a1-11c01849e498]
[16:32:03] [main/WARN]: Ambiguity between arguments [teleport, targets, location] and [teleport, targets, destination] with inputs: [0.1 -0.5 .9, 0 0 0]
[16:32:03] [main/INFO]: Reloading ResourceManager: Default
[16:32:04] [main/INFO]: Loaded 7 recipes
[16:32:04] [main/INFO]: Loaded 927 advancements
[16:32:04] [main/INFO]: Environment: authHost='https://authserver.mojang.com', accountsHost='https://api.mojang.com', sessionHost='https://sessionserver.mojang.com', servicesHost='https://api.minecraftservices.com', name='PROD'
[16:32:04] [Server thread/INFO]: Starting integrated minecraft server version 1.16.5
[16:32:04] [Server thread/INFO]: Generating keypair
[16:32:05] [Server thread/INFO]: Preparing start region for dimension minecraft:overworld
[16:32:05] [main/INFO]: Preparing spawn area: 0%
[16:32:05] [main/INFO]: Preparing spawn area: 0%
[16:32:06] [main/INFO]: Preparing spawn area: 0%
[16:32:08] [main/INFO]: Preparing spawn area: 83%
[16:32:08] [main/INFO]: Preparing spawn area: 83%
[16:32:08] [main/INFO]: Preparing spawn area: 83%
[16:32:08] [main/INFO]: Preparing spawn area: 83%
[16:32:08] [main/INFO]: Preparing spawn area: 93%
[16:32:09] [main/INFO]: Preparing spawn area: 93%
[16:32:09] [main/INFO]: Preparing spawn area: 95%
[16:32:09] [main/INFO]: Time elapsed: 4767 ms
[16:32:10] [Server thread/INFO]: Changing view distance to 7, from 10
[16:32:10] [Server thread/INFO]: TestN7ukeDLL[local:E:8b352356] logged in with entity id 128 at (1432.574332364754, 70.0, -315.3206848565406)
[16:32:10] [Server thread/INFO]: TestN7ukeDLL joined the game
[16:32:10] [Server thread/INFO]: TestN7ukeDLL has reached the goal [Sky's the Limit]
[16:32:10] [Server thread/INFO]: TestN7ukeDLL has made the advancement [Cover Me With Diamonds]
[16:32:10] [Server thread/INFO]: Saving and pausing game...
[16:32:10] [Server thread/INFO]: Saving chunks for level 'ServerLevel[New World]'/minecraft:overworld
[16:32:10] [main/INFO]: [CHAT] TestN7ukeDLL has reached the goal [Sky's the Limit]
[16:32:10] [main/INFO]: [CHAT] TestN7ukeDLL has made the advancement [Cover Me With Diamonds]
[16:32:10] [main/INFO]: Loaded 19 advancements
[16:32:11] [Server thread/INFO]: Saving chunks for level 'ServerLevel[New World]'/minecraft:the_nether
[16:32:11] [Server thread/INFO]: Saving chunks for level 'ServerLevel[New World]'/minecraft:the_end
[16:32:59] [main/INFO]: [CHAT] Nucker§8 -> §rУ вас нет полублоков в хотбаре!
[16:33:02] [main/INFO]: [CHAT] Nucker§8 -> §rУ вас нет полублоков в хотбаре!
[16:33:48] [main/INFO]: Loaded 25 advancements
[16:34:02] [main/INFO]: Loaded 39 advancements
[16:34:03] [main/INFO]: Loaded 42 advancements
[16:34:57] [Thread-17/INFO]: [STDERR]: java.lang.InterruptedException: sleep interrupted
[16:34:57] [Thread-17/INFO]: [STDERR]: 	at java.base/java.lang.Thread.sleep(Native Method)
[16:34:57] [Thread-17/INFO]: [STDERR]: 	at im.nucker.functions.impl.misc.Farm.lambda$onEnable$0(Farm.java:43)
[16:34:57] [Thread-17/INFO]: [STDERR]: 	at java.base/java.lang.Thread.run(Thread.java:840)
[16:35:09] [Server thread/INFO]: Saving and pausing game...
[16:35:09] [Server thread/INFO]: Saving chunks for level 'ServerLevel[New World]'/minecraft:overworld
[16:35:10] [Server thread/INFO]: Saving chunks for level 'ServerLevel[New World]'/minecraft:the_nether
[16:35:10] [Server thread/INFO]: Saving chunks for level 'ServerLevel[New World]'/minecraft:the_end
[16:35:10] [Server thread/INFO]: TestN7ukeDLL lost connection: Disconnected
[16:35:10] [Server thread/INFO]: TestN7ukeDLL left the game
[16:35:10] [Server thread/INFO]: Stopping singleplayer server as player logged out
[16:35:10] [Server thread/INFO]: Stopping server
[16:35:10] [Server thread/INFO]: Saving players
[16:35:10] [Server thread/INFO]: Saving worlds
[16:35:10] [Server thread/INFO]: Saving chunks for level 'ServerLevel[New World]'/minecraft:overworld
[16:35:10] [Server thread/INFO]: ThreadedAnvilChunkStorage (New World): All chunks are saved
[16:35:10] [Server thread/INFO]: Saving chunks for level 'ServerLevel[New World]'/minecraft:the_nether
[16:35:10] [Server thread/INFO]: ThreadedAnvilChunkStorage (DIM-1): All chunks are saved
[16:35:10] [Server thread/INFO]: Saving chunks for level 'ServerLevel[New World]'/minecraft:the_end
[16:35:10] [Server thread/INFO]: ThreadedAnvilChunkStorage (DIM1): All chunks are saved
[16:35:10] [Server thread/INFO]: ThreadedAnvilChunkStorage (New World): All chunks are saved
[16:35:10] [Server thread/INFO]: ThreadedAnvilChunkStorage (DIM-1): All chunks are saved
[16:35:10] [Server thread/INFO]: ThreadedAnvilChunkStorage (DIM1): All chunks are saved
[16:35:12] [main/INFO]: Stopping!
